mode: count
github.com/johnpoint/ControlCenter-Server/src/database/database.go:18.30,21.16 3 16
github.com/johnpoint/ControlCenter-Server/src/database/database.go:24.2,24.16 1 16
github.com/johnpoint/ControlCenter-Server/src/database/database.go:27.2,27.11 1 16
github.com/johnpoint/ControlCenter-Server/src/database/database.go:21.16,23.3 1 1
github.com/johnpoint/ControlCenter-Server/src/database/database.go:24.16,25.33 1 0
github.com/johnpoint/ControlCenter-Server/src/database/database.go:30.32,38.2 3 3
github.com/johnpoint/ControlCenter-Server/src/database/database.go:40.34,44.16 4 3
github.com/johnpoint/ControlCenter-Server/src/database/database.go:51.2,51.12 1 0
github.com/johnpoint/ControlCenter-Server/src/database/database.go:44.16,45.23 1 3
github.com/johnpoint/ControlCenter-Server/src/database/database.go:48.3,49.15 2 0
github.com/johnpoint/ControlCenter-Server/src/database/database.go:45.23,47.4 1 3
github.com/johnpoint/ControlCenter-Server/src/database/database.go:54.67,58.16 4 0
github.com/johnpoint/ControlCenter-Server/src/database/database.go:64.2,64.13 1 0
github.com/johnpoint/ControlCenter-Server/src/database/database.go:58.16,59.29 1 0
github.com/johnpoint/ControlCenter-Server/src/database/database.go:62.3,62.15 1 0
github.com/johnpoint/ControlCenter-Server/src/database/database.go:59.29,61.4 1 0
github.com/johnpoint/ControlCenter-Server/src/database/database.go:68.42,71.15 3 3
github.com/johnpoint/ControlCenter-Server/src/database/database.go:77.2,77.21 1 3
github.com/johnpoint/ControlCenter-Server/src/database/database.go:81.2,82.49 2 3
github.com/johnpoint/ControlCenter-Server/src/database/database.go:86.2,87.13 2 2
github.com/johnpoint/ControlCenter-Server/src/database/database.go:71.15,72.31 1 3
github.com/johnpoint/ControlCenter-Server/src/database/database.go:72.31,74.4 1 0
github.com/johnpoint/ControlCenter-Server/src/database/database.go:77.21,79.3 1 0
github.com/johnpoint/ControlCenter-Server/src/database/database.go:82.49,85.3 2 1
github.com/johnpoint/ControlCenter-Server/src/database/database.go:90.65,93.15 3 1
github.com/johnpoint/ControlCenter-Server/src/database/database.go:99.2,99.21 1 1
github.com/johnpoint/ControlCenter-Server/src/database/database.go:102.2,103.76 2 1
github.com/johnpoint/ControlCenter-Server/src/database/database.go:107.2,108.13 2 1
github.com/johnpoint/ControlCenter-Server/src/database/database.go:93.15,94.31 1 1
github.com/johnpoint/ControlCenter-Server/src/database/database.go:94.31,96.4 1 0
github.com/johnpoint/ControlCenter-Server/src/database/database.go:99.21,101.3 1 0
github.com/johnpoint/ControlCenter-Server/src/database/database.go:103.76,106.3 2 0
github.com/johnpoint/ControlCenter-Server/src/database/database.go:111.52,113.16 2 3
github.com/johnpoint/ControlCenter-Server/src/database/database.go:117.2,117.35 1 3
github.com/johnpoint/ControlCenter-Server/src/database/database.go:113.16,116.3 2 3
github.com/johnpoint/ControlCenter-Server/src/database/database.go:117.35,124.3 6 3
github.com/johnpoint/ControlCenter-Server/src/database/database.go:124.8,128.3 3 0
github.com/johnpoint/ControlCenter-Server/src/database/database.go:131.42,134.15 3 1
github.com/johnpoint/ControlCenter-Server/src/database/database.go:139.2,139.21 1 1
github.com/johnpoint/ControlCenter-Server/src/database/database.go:142.2,144.70 3 1
github.com/johnpoint/ControlCenter-Server/src/database/database.go:148.2,149.13 2 1
github.com/johnpoint/ControlCenter-Server/src/database/database.go:134.15,135.31 1 1
github.com/johnpoint/ControlCenter-Server/src/database/database.go:135.31,137.4 1 0
github.com/johnpoint/ControlCenter-Server/src/database/database.go:139.21,141.3 1 0
github.com/johnpoint/ControlCenter-Server/src/database/database.go:144.70,147.3 2 0
github.com/johnpoint/ControlCenter-Server/src/database/database.go:153.36,156.15 3 1
github.com/johnpoint/ControlCenter-Server/src/database/database.go:161.2,161.21 1 1
github.com/johnpoint/ControlCenter-Server/src/database/database.go:164.2,165.47 2 1
github.com/johnpoint/ControlCenter-Server/src/database/database.go:169.2,170.13 2 1
github.com/johnpoint/ControlCenter-Server/src/database/database.go:156.15,157.31 1 1
github.com/johnpoint/ControlCenter-Server/src/database/database.go:157.31,159.4 1 0
github.com/johnpoint/ControlCenter-Server/src/database/database.go:161.21,163.3 1 0
github.com/johnpoint/ControlCenter-Server/src/database/database.go:165.47,168.3 2 0
github.com/johnpoint/ControlCenter-Server/src/database/database.go:173.57,176.15 3 1
github.com/johnpoint/ControlCenter-Server/src/database/database.go:181.2,181.21 1 1
github.com/johnpoint/ControlCenter-Server/src/database/database.go:184.2,185.72 2 1
github.com/johnpoint/ControlCenter-Server/src/database/database.go:189.2,190.13 2 1
github.com/johnpoint/ControlCenter-Server/src/database/database.go:176.15,177.31 1 1
github.com/johnpoint/ControlCenter-Server/src/database/database.go:177.31,179.4 1 0
github.com/johnpoint/ControlCenter-Server/src/database/database.go:181.21,183.3 1 0
github.com/johnpoint/ControlCenter-Server/src/database/database.go:185.72,188.3 2 0
github.com/johnpoint/ControlCenter-Server/src/database/database.go:193.44,200.2 6 3
github.com/johnpoint/ControlCenter-Server/src/database/database.go:202.36,205.15 3 1
github.com/johnpoint/ControlCenter-Server/src/database/database.go:210.2,210.21 1 1
github.com/johnpoint/ControlCenter-Server/src/database/database.go:213.2,214.66 2 1
github.com/johnpoint/ControlCenter-Server/src/database/database.go:218.2,219.13 2 1
github.com/johnpoint/ControlCenter-Server/src/database/database.go:205.15,206.31 1 1
github.com/johnpoint/ControlCenter-Server/src/database/database.go:206.31,208.4 1 0
github.com/johnpoint/ControlCenter-Server/src/database/database.go:210.21,212.3 1 0
github.com/johnpoint/ControlCenter-Server/src/database/database.go:214.66,217.3 2 0
github.com/johnpoint/ControlCenter-Server/src/database/database.go:223.42,226.15 3 0
github.com/johnpoint/ControlCenter-Server/src/database/database.go:231.2,231.21 1 0
github.com/johnpoint/ControlCenter-Server/src/database/database.go:234.2,235.49 2 0
github.com/johnpoint/ControlCenter-Server/src/database/database.go:239.2,240.13 2 0
github.com/johnpoint/ControlCenter-Server/src/database/database.go:226.15,227.31 1 0
github.com/johnpoint/ControlCenter-Server/src/database/database.go:227.31,229.4 1 0
github.com/johnpoint/ControlCenter-Server/src/database/database.go:231.21,233.3 1 0
github.com/johnpoint/ControlCenter-Server/src/database/database.go:235.49,238.3 2 0
github.com/johnpoint/ControlCenter-Server/src/database/database.go:243.52,250.2 6 0
github.com/johnpoint/ControlCenter-Server/src/database/database.go:252.65,255.15 3 0
github.com/johnpoint/ControlCenter-Server/src/database/database.go:260.2,260.21 1 0
github.com/johnpoint/ControlCenter-Server/src/database/database.go:263.2,264.76 2 0
github.com/johnpoint/ControlCenter-Server/src/database/database.go:268.2,269.13 2 0
github.com/johnpoint/ControlCenter-Server/src/database/database.go:255.15,256.31 1 0
github.com/johnpoint/ControlCenter-Server/src/database/database.go:256.31,258.4 1 0
github.com/johnpoint/ControlCenter-Server/src/database/database.go:260.21,262.3 1 0
github.com/johnpoint/ControlCenter-Server/src/database/database.go:264.76,267.3 2 0
github.com/johnpoint/ControlCenter-Server/src/database/database.go:273.36,276.15 3 0
github.com/johnpoint/ControlCenter-Server/src/database/database.go:281.2,281.21 1 0
github.com/johnpoint/ControlCenter-Server/src/database/database.go:284.2,285.47 2 0
github.com/johnpoint/ControlCenter-Server/src/database/database.go:289.2,290.13 2 0
github.com/johnpoint/ControlCenter-Server/src/database/database.go:276.15,277.31 1 0
github.com/johnpoint/ControlCenter-Server/src/database/database.go:277.31,279.4 1 0
github.com/johnpoint/ControlCenter-Server/src/database/database.go:281.21,283.3 1 0
github.com/johnpoint/ControlCenter-Server/src/database/database.go:285.47,288.3 2 0
github.com/johnpoint/ControlCenter-Server/src/database/database.go:293.44,298.22 5 0
github.com/johnpoint/ControlCenter-Server/src/database/database.go:303.2,303.14 1 0
github.com/johnpoint/ControlCenter-Server/src/database/database.go:298.22,300.3 1 0
github.com/johnpoint/ControlCenter-Server/src/database/database.go:300.8,302.3 1 0
github.com/johnpoint/ControlCenter-Server/src/database/database.go:306.36,309.15 3 0
github.com/johnpoint/ControlCenter-Server/src/database/database.go:314.2,314.21 1 0
github.com/johnpoint/ControlCenter-Server/src/database/database.go:317.2,318.66 2 0
github.com/johnpoint/ControlCenter-Server/src/database/database.go:322.2,323.13 2 0
github.com/johnpoint/ControlCenter-Server/src/database/database.go:309.15,310.31 1 0
github.com/johnpoint/ControlCenter-Server/src/database/database.go:310.31,312.4 1 0
github.com/johnpoint/ControlCenter-Server/src/database/database.go:314.21,316.3 1 0
github.com/johnpoint/ControlCenter-Server/src/database/database.go:318.66,321.3 2 0
github.com/johnpoint/ControlCenter-Server/src/database/database.go:327.49,330.15 3 0
github.com/johnpoint/ControlCenter-Server/src/database/database.go:335.2,335.21 1 0
github.com/johnpoint/ControlCenter-Server/src/database/database.go:338.2,339.54 2 0
github.com/johnpoint/ControlCenter-Server/src/database/database.go:343.2,344.13 2 0
github.com/johnpoint/ControlCenter-Server/src/database/database.go:330.15,331.31 1 0
github.com/johnpoint/ControlCenter-Server/src/database/database.go:331.31,333.4 1 0
github.com/johnpoint/ControlCenter-Server/src/database/database.go:335.21,337.3 1 0
github.com/johnpoint/ControlCenter-Server/src/database/database.go:339.54,342.3 2 0
github.com/johnpoint/ControlCenter-Server/src/database/database.go:347.49,350.15 3 0
github.com/johnpoint/ControlCenter-Server/src/database/database.go:355.2,355.21 1 0
github.com/johnpoint/ControlCenter-Server/src/database/database.go:358.2,359.80 2 0
github.com/johnpoint/ControlCenter-Server/src/database/database.go:363.2,364.13 2 0
github.com/johnpoint/ControlCenter-Server/src/database/database.go:350.15,351.31 1 0
github.com/johnpoint/ControlCenter-Server/src/database/database.go:351.31,353.4 1 0
github.com/johnpoint/ControlCenter-Server/src/database/database.go:355.21,357.3 1 0
github.com/johnpoint/ControlCenter-Server/src/database/database.go:359.80,362.3 2 0
github.com/johnpoint/ControlCenter-Server/src/database/database.go:367.77,370.15 3 0
github.com/johnpoint/ControlCenter-Server/src/database/database.go:375.2,375.21 1 0
github.com/johnpoint/ControlCenter-Server/src/database/database.go:378.2,379.86 2 0
github.com/johnpoint/ControlCenter-Server/src/database/database.go:383.2,384.13 2 0
github.com/johnpoint/ControlCenter-Server/src/database/database.go:370.15,371.31 1 0
github.com/johnpoint/ControlCenter-Server/src/database/database.go:371.31,373.4 1 0
github.com/johnpoint/ControlCenter-Server/src/database/database.go:375.21,377.3 1 0
github.com/johnpoint/ControlCenter-Server/src/database/database.go:379.86,382.3 2 0
github.com/johnpoint/ControlCenter-Server/src/database/database.go:387.64,394.2 6 0
github.com/johnpoint/ControlCenter-Server/src/database/database.go:397.51,400.15 3 0
github.com/johnpoint/ControlCenter-Server/src/database/database.go:405.2,405.21 1 0
github.com/johnpoint/ControlCenter-Server/src/database/database.go:408.2,409.53 2 0
github.com/johnpoint/ControlCenter-Server/src/database/database.go:413.2,414.13 2 0
github.com/johnpoint/ControlCenter-Server/src/database/database.go:400.15,401.31 1 0
github.com/johnpoint/ControlCenter-Server/src/database/database.go:401.31,403.4 1 0
github.com/johnpoint/ControlCenter-Server/src/database/database.go:405.21,407.3 1 0
github.com/johnpoint/ControlCenter-Server/src/database/database.go:409.53,412.3 2 0
github.com/johnpoint/ControlCenter-Server/src/database/database.go:417.65,425.2 7 0
github.com/johnpoint/ControlCenter-Server/src/database/database.go:427.66,435.2 7 0
github.com/johnpoint/ControlCenter-Server/src/database/database.go:437.53,440.15 3 0
github.com/johnpoint/ControlCenter-Server/src/database/database.go:445.2,445.21 1 0
github.com/johnpoint/ControlCenter-Server/src/database/database.go:448.2,449.78 2 0
github.com/johnpoint/ControlCenter-Server/src/database/database.go:453.2,454.13 2 0
github.com/johnpoint/ControlCenter-Server/src/database/database.go:440.15,441.31 1 0
github.com/johnpoint/ControlCenter-Server/src/database/database.go:441.31,443.4 1 0
github.com/johnpoint/ControlCenter-Server/src/database/database.go:445.21,447.3 1 0
github.com/johnpoint/ControlCenter-Server/src/database/database.go:449.78,452.3 2 0
github.com/johnpoint/ControlCenter-Server/src/database/database.go:459.45,460.61 1 0
github.com/johnpoint/ControlCenter-Server/src/database/database.go:463.2,467.33 5 0
github.com/johnpoint/ControlCenter-Server/src/database/database.go:470.2,470.13 1 0
github.com/johnpoint/ControlCenter-Server/src/database/database.go:460.61,462.3 1 0
github.com/johnpoint/ControlCenter-Server/src/database/database.go:467.33,469.3 1 0
github.com/johnpoint/ControlCenter-Server/src/database/database.go:473.45,478.33 5 0
github.com/johnpoint/ControlCenter-Server/src/database/database.go:481.2,481.13 1 0
github.com/johnpoint/ControlCenter-Server/src/database/database.go:478.33,480.3 1 0
github.com/johnpoint/ControlCenter-Server/src/database/database.go:484.58,491.2 6 0
github.com/johnpoint/ControlCenter-Server/src/database/database.go:495.52,502.2 6 0
github.com/johnpoint/ControlCenter-Server/src/database/database.go:505.43,506.54 1 0
github.com/johnpoint/ControlCenter-Server/src/database/database.go:516.2,516.14 1 0
github.com/johnpoint/ControlCenter-Server/src/database/database.go:506.54,511.34 5 0
github.com/johnpoint/ControlCenter-Server/src/database/database.go:514.3,514.14 1 0
github.com/johnpoint/ControlCenter-Server/src/database/database.go:511.34,513.4 1 0
github.com/johnpoint/ControlCenter-Server/src/database/database.go:520.42,521.54 1 0
github.com/johnpoint/ControlCenter-Server/src/database/database.go:531.2,531.13 1 0
github.com/johnpoint/ControlCenter-Server/src/database/database.go:521.54,526.34 5 0
github.com/johnpoint/ControlCenter-Server/src/database/database.go:529.3,529.15 1 0
github.com/johnpoint/ControlCenter-Server/src/database/database.go:526.34,528.4 1 0
github.com/johnpoint/ControlCenter-Server/src/database/database.go:535.42,536.75 1 0
github.com/johnpoint/ControlCenter-Server/src/database/database.go:546.2,546.14 1 0
github.com/johnpoint/ControlCenter-Server/src/database/database.go:536.75,541.30 5 0
github.com/johnpoint/ControlCenter-Server/src/database/database.go:544.3,544.15 1 0
github.com/johnpoint/ControlCenter-Server/src/database/database.go:541.30,543.4 1 0
github.com/johnpoint/ControlCenter-Server/src/database/database.go:549.60,555.26 6 0
github.com/johnpoint/ControlCenter-Server/src/database/database.go:558.2,558.14 1 0
github.com/johnpoint/ControlCenter-Server/src/database/database.go:555.26,557.3 1 0
